<?xml version="1.0" encoding="UTF-8"?>
<!-- Generated by org.testng.reporters.JUnitReportReporter -->
<testsuite hostname="LAPTOP-N3ETBC77" failures="0" tests="36" name="Runner.Runner" time="1350.528" errors="0" timestamp="2022-04-04T14:51:15 IST" skipped="0">
  <testcase classname="Runner.Runner" name="runScenario" time="7.776"/>
  <system-out/>
  <testcase classname="Runner.Runner" name="runScenario" time="66.908"/>
  <system-out/>
  <testcase classname="Runner.Runner" name="runScenario" time="0.042"/>
  <system-out/>
  <testcase classname="Runner.Runner" name="runScenario" time="25.402"/>
  <system-out/>
  <testcase classname="Runner.Runner" name="runScenario" time="7.808"/>
  <system-out/>
  <testcase classname="Runner.Runner" name="runScenario" time="29.008"/>
  <system-out/>
  <testcase classname="Runner.Runner" name="runScenario" time="15.442"/>
  <system-out/>
  <testcase classname="Runner.Runner" name="runScenario" time="262.066"/>
  <system-out/>
  <testcase classname="Runner.Runner" name="runScenario" time="191.273"/>
  <system-out/>
  <testcase classname="Runner.Runner" name="runScenario" time="1.339"/>
  <system-out/>
  <testcase classname="Runner.Runner" name="runScenario" time="69.027"/>
  <system-out/>
  <testcase classname="Runner.Runner" name="runScenario" time="11.972"/>
  <system-out/>
  <testcase classname="Runner.Runner" name="runScenario" time="37.470"/>
  <system-out/>
  <testcase classname="Runner.Runner" name="runScenario" time="5.264"/>
  <system-out/>
  <testcase classname="Runner.Runner" name="runScenario" time="3.885"/>
  <system-out/>
  <testcase classname="Runner.Runner" name="runScenario" time="68.531"/>
  <system-out/>
  <testcase classname="Runner.Runner" name="runScenario" time="49.710"/>
  <system-out/>
  <testcase classname="Runner.Runner" name="runScenario" time="3.267"/>
  <system-out/>
  <testcase classname="Runner.Runner" name="runScenario" time="29.774"/>
  <system-out/>
  <testcase classname="Runner.Runner" name="runScenario" time="10.625"/>
  <system-out/>
  <testcase classname="Runner.Runner" name="runScenario" time="0.991"/>
  <system-out/>
  <testcase classname="Runner.Runner" name="runScenario" time="7.989"/>
  <system-out/>
  <testcase classname="Runner.Runner" name="runScenario" time="17.434"/>
  <system-out/>
  <testcase classname="Runner.Runner" name="runScenario" time="2.782"/>
  <system-out/>
  <testcase classname="Runner.Runner" name="runScenario" time="2.762"/>
  <system-out/>
  <testcase classname="Runner.Runner" name="runScenario" time="64.241"/>
  <system-out/>
  <testcase classname="Runner.Runner" name="runScenario" time="5.590"/>
  <system-out/>
  <testcase classname="Runner.Runner" name="runScenario" time="0.028"/>
  <system-out/>
  <testcase classname="Runner.Runner" name="runScenario" time="0.056"/>
  <system-out/>
  <testcase classname="Runner.Runner" name="runScenario" time="3.536"/>
  <system-out/>
  <testcase classname="Runner.Runner" name="runScenario" time="9.851"/>
  <system-out/>
  <testcase classname="Runner.Runner" name="runScenario" time="2.841"/>
  <system-out/>
  <testcase classname="Runner.Runner" name="runScenario" time="9.050"/>
  <system-out/>
  <testcase classname="Runner.Runner" name="runScenario" time="25.054"/>
  <system-out/>
  <testcase classname="Runner.Runner" name="runScenario" time="295.357"/>
  <system-out/>
  <testcase classname="Runner.Runner" name="runScenario" time="6.377"/>
  <system-out/>
</testsuite> <!-- Runner.Runner -->
